
> frontend@0.1.0 dev
> next dev -p 8080

 ⚠ Warning: Next.js inferred your workspace root, but it may not be correct.
 We detected multiple lockfiles and selected the directory of /app/package-lock.json as the root directory.
 To silence this warning, set `turbopack.root` in your Next.js config, or consider removing one of the lockfiles if it's not needed.
   See https://nextjs.org/docs/app/api-reference/config/next-config-js/turbopack#root-directory for more information.
 Detected additional lockfiles: 
   * /app/frontend/package-lock.json

   ▲ Next.js 16.0.8 (Turbopack)
   - Local:         http://localhost:8080
   - Network:       http://192.168.0.2:8080

 ✓ Starting...
 ✓ Ready in 3.1s
 ○ Compiling / ...
 GET / 200 in 10.0s (compile: 9.1s, render: 876ms)
 GET / 200 in 309ms (compile: 41ms, render: 268ms)
   Reload env: .env.local
 ⚠ Found a change in next.config.ts. Restarting the server to apply the changes...
 ⚠ Warning: Next.js inferred your workspace root, but it may not be correct.
 We detected multiple lockfiles and selected the directory of /app/package-lock.json as the root directory.
 To silence this warning, set `turbopack.root` in your Next.js config, or consider removing one of the lockfiles if it's not needed.
   See https://nextjs.org/docs/app/api-reference/config/next-config-js/turbopack#root-directory for more information.
 Detected additional lockfiles: 
   * /app/frontend/package-lock.json

   ▲ Next.js 16.0.8 (Turbopack)
   - Local:         http://localhost:8080
   - Network:       http://192.168.0.2:8080
   - Environments: .env.local

 ✓ Starting...
 ✓ Ready in 3.5s
[?25h
